ARM GAS  /tmp/ccWWR1BY.s 			page 1


   1              		.cpu cortex-m7
   2              		.eabi_attribute 27, 1
   3              		.eabi_attribute 28, 1
   4              		.eabi_attribute 20, 1
   5              		.eabi_attribute 21, 1
   6              		.eabi_attribute 23, 3
   7              		.eabi_attribute 24, 1
   8              		.eabi_attribute 25, 1
   9              		.eabi_attribute 26, 1
  10              		.eabi_attribute 30, 1
  11              		.eabi_attribute 34, 1
  12              		.eabi_attribute 18, 4
  13              		.file	"term_io.c"
  14              		.text
  15              	.Ltext0:
  16              		.cfi_sections	.debug_frame
  17              		.section	.text.xatoi,"ax",%progbits
  18              		.align	1
  19              		.global	xatoi
  20              		.syntax unified
  21              		.thumb
  22              		.thumb_func
  23              		.fpu fpv5-sp-d16
  25              	xatoi:
  26              	.LFB136:
  27              		.file 1 "Src/term_io.c"
   1:Src/term_io.c **** // Basic code from ChaN, minor modifications by Martin Thomas
   2:Src/term_io.c **** // 2011, 2017 minor tuning by RABW
   3:Src/term_io.c **** 
   4:Src/term_io.c **** #include <stdarg.h>
   5:Src/term_io.c **** #include "term_io.h"
   6:Src/term_io.c **** #include "dbgu.h"
   7:Src/term_io.c **** #include "stm32f7xx_hal.h"
   8:Src/term_io.c **** 
   9:Src/term_io.c **** 
  10:Src/term_io.c **** int xatoi (char **str, long *res)
  11:Src/term_io.c **** {
  28              		.loc 1 11 0
  29              		.cfi_startproc
  30              		@ args = 0, pretend = 0, frame = 0
  31              		@ frame_needed = 0, uses_anonymous_args = 0
  32              		@ link register save eliminated.
  33              	.LVL0:
  34 0000 70B4     		push	{r4, r5, r6}
  35              	.LCFI0:
  36              		.cfi_def_cfa_offset 12
  37              		.cfi_offset 4, -12
  38              		.cfi_offset 5, -8
  39              		.cfi_offset 6, -4
  40              	.LVL1:
  12:Src/term_io.c **** 	uint32_t val;
  13:Src/term_io.c **** 	uint8_t c, radix, s = 0;
  14:Src/term_io.c **** 
  15:Src/term_io.c **** 
  16:Src/term_io.c **** 	while ((c = **str) == ' ') (*str)++;
  41              		.loc 1 16 0
  42 0002 01E0     		b	.L2
ARM GAS  /tmp/ccWWR1BY.s 			page 2


  43              	.LVL2:
  44              	.L3:
  45              		.loc 1 16 0 is_stmt 0 discriminator 2
  46 0004 0132     		adds	r2, r2, #1
  47 0006 0260     		str	r2, [r0]
  48              	.LVL3:
  49              	.L2:
  50              		.loc 1 16 0 discriminator 1
  51 0008 0268     		ldr	r2, [r0]
  52 000a 1378     		ldrb	r3, [r2]	@ zero_extendqisi2
  53              	.LVL4:
  54 000c 202B     		cmp	r3, #32
  55 000e F9D0     		beq	.L3
  17:Src/term_io.c **** 	if (c == '-') {
  56              		.loc 1 17 0 is_stmt 1
  57 0010 2D2B     		cmp	r3, #45
  58 0012 0AD0     		beq	.L22
  13:Src/term_io.c **** 
  59              		.loc 1 13 0
  60 0014 0026     		movs	r6, #0
  61              	.LVL5:
  62              	.L4:
  18:Src/term_io.c **** 		s = 1;
  19:Src/term_io.c **** 		c = *(++(*str));
  20:Src/term_io.c **** 	}
  21:Src/term_io.c **** 	if (c == '0') {
  63              		.loc 1 21 0
  64 0016 302B     		cmp	r3, #48
  65 0018 0CD0     		beq	.L23
  22:Src/term_io.c **** 		c = *(++(*str));
  23:Src/term_io.c **** 		if (c <= ' ') {
  24:Src/term_io.c **** 			*res = 0; return 1;
  25:Src/term_io.c **** 		}
  26:Src/term_io.c **** 		if (c == 'x') {
  27:Src/term_io.c **** 			radix = 16;
  28:Src/term_io.c **** 			c = *(++(*str));
  29:Src/term_io.c **** 		} else {
  30:Src/term_io.c **** 			if (c == 'b') {
  31:Src/term_io.c **** 				radix = 2;
  32:Src/term_io.c **** 				c = *(++(*str));
  33:Src/term_io.c **** 			} else {
  34:Src/term_io.c **** 				if ((c >= '0')&&(c <= '9'))
  35:Src/term_io.c **** 					radix = 8;
  36:Src/term_io.c **** 				else
  37:Src/term_io.c **** 					return 0;
  38:Src/term_io.c **** 			}
  39:Src/term_io.c **** 		}
  40:Src/term_io.c **** 	} else {
  41:Src/term_io.c **** 		if ((c < '1')||(c > '9'))
  66              		.loc 1 41 0
  67 001a A3F13102 		sub	r2, r3, #49
  68 001e D2B2     		uxtb	r2, r2
  69 0020 082A     		cmp	r2, #8
  70 0022 46D8     		bhi	.L18
  42:Src/term_io.c **** 			return 0;
  43:Src/term_io.c **** 		radix = 10;
  71              		.loc 1 43 0
ARM GAS  /tmp/ccWWR1BY.s 			page 3


  72 0024 0A25     		movs	r5, #10
  73              	.L9:
  74              	.LVL6:
  44:Src/term_io.c **** 	}
  45:Src/term_io.c **** 	val = 0;
  75              		.loc 1 45 0
  76 0026 0024     		movs	r4, #0
  46:Src/term_io.c **** 	while (c > ' ') {
  77              		.loc 1 46 0
  78 0028 2DE0     		b	.L11
  79              	.LVL7:
  80              	.L22:
  19:Src/term_io.c **** 	}
  81              		.loc 1 19 0
  82 002a 531C     		adds	r3, r2, #1
  83              	.LVL8:
  84 002c 0360     		str	r3, [r0]
  85              	.LVL9:
  86 002e 5378     		ldrb	r3, [r2, #1]	@ zero_extendqisi2
  87              	.LVL10:
  18:Src/term_io.c **** 		c = *(++(*str));
  88              		.loc 1 18 0
  89 0030 0126     		movs	r6, #1
  90 0032 F0E7     		b	.L4
  91              	.LVL11:
  92              	.L23:
  22:Src/term_io.c **** 		if (c <= ' ') {
  93              		.loc 1 22 0
  94 0034 0368     		ldr	r3, [r0]
  95              	.LVL12:
  96 0036 5A1C     		adds	r2, r3, #1
  97 0038 0260     		str	r2, [r0]
  98 003a 5B78     		ldrb	r3, [r3, #1]	@ zero_extendqisi2
  99              	.LVL13:
  23:Src/term_io.c **** 			*res = 0; return 1;
 100              		.loc 1 23 0
 101 003c 202B     		cmp	r3, #32
 102 003e 0AD9     		bls	.L24
  26:Src/term_io.c **** 			radix = 16;
 103              		.loc 1 26 0
 104 0040 782B     		cmp	r3, #120
 105 0042 0CD0     		beq	.L25
  30:Src/term_io.c **** 				radix = 2;
 106              		.loc 1 30 0
 107 0044 622B     		cmp	r3, #98
 108 0046 0FD0     		beq	.L26
  34:Src/term_io.c **** 					radix = 8;
 109              		.loc 1 34 0
 110 0048 A3F13002 		sub	r2, r3, #48
 111 004c D2B2     		uxtb	r2, r2
 112 004e 092A     		cmp	r2, #9
 113 0050 0FD8     		bhi	.L27
  35:Src/term_io.c **** 				else
 114              		.loc 1 35 0
 115 0052 0825     		movs	r5, #8
 116 0054 E7E7     		b	.L9
 117              	.L24:
ARM GAS  /tmp/ccWWR1BY.s 			page 4


  24:Src/term_io.c **** 		}
 118              		.loc 1 24 0
 119 0056 0023     		movs	r3, #0
 120              	.LVL14:
 121 0058 0B60     		str	r3, [r1]
 122              	.LVL15:
 123 005a 0120     		movs	r0, #1
 124              	.LVL16:
 125 005c 2AE0     		b	.L1
 126              	.LVL17:
 127              	.L25:
  28:Src/term_io.c **** 		} else {
 128              		.loc 1 28 0
 129 005e 531C     		adds	r3, r2, #1
 130              	.LVL18:
 131 0060 0360     		str	r3, [r0]
 132              	.LVL19:
 133 0062 5378     		ldrb	r3, [r2, #1]	@ zero_extendqisi2
 134              	.LVL20:
  27:Src/term_io.c **** 			c = *(++(*str));
 135              		.loc 1 27 0
 136 0064 1025     		movs	r5, #16
 137 0066 DEE7     		b	.L9
 138              	.LVL21:
 139              	.L26:
  32:Src/term_io.c **** 			} else {
 140              		.loc 1 32 0
 141 0068 531C     		adds	r3, r2, #1
 142              	.LVL22:
 143 006a 0360     		str	r3, [r0]
 144              	.LVL23:
 145 006c 5378     		ldrb	r3, [r2, #1]	@ zero_extendqisi2
 146              	.LVL24:
  31:Src/term_io.c **** 				c = *(++(*str));
 147              		.loc 1 31 0
 148 006e 0225     		movs	r5, #2
 149 0070 D9E7     		b	.L9
 150              	.LVL25:
 151              	.L27:
  37:Src/term_io.c **** 			}
 152              		.loc 1 37 0
 153 0072 0020     		movs	r0, #0
 154              	.LVL26:
 155 0074 1EE0     		b	.L1
 156              	.LVL27:
 157              	.L13:
  47:Src/term_io.c **** 		if (c >= 'a') c -= 0x20;
  48:Src/term_io.c **** 		c -= '0';
  49:Src/term_io.c **** 		if (c >= 17) {
  50:Src/term_io.c **** 			c -= 7;
  51:Src/term_io.c **** 			if (c <= 9) return 0;
  52:Src/term_io.c **** 		}
  53:Src/term_io.c **** 		if (c >= radix) return 0;
 158              		.loc 1 53 0
 159 0076 AA42     		cmp	r2, r5
 160 0078 1ED2     		bcs	.L20
  54:Src/term_io.c **** 		val = val * radix + c;
ARM GAS  /tmp/ccWWR1BY.s 			page 5


 161              		.loc 1 54 0
 162 007a 04FB0524 		mla	r4, r4, r5, r2
 163              	.LVL28:
  55:Src/term_io.c **** 		c = *(++(*str));
 164              		.loc 1 55 0
 165 007e 0368     		ldr	r3, [r0]
 166 0080 5A1C     		adds	r2, r3, #1
 167              	.LVL29:
 168 0082 0260     		str	r2, [r0]
 169 0084 5B78     		ldrb	r3, [r3, #1]	@ zero_extendqisi2
 170              	.LVL30:
 171              	.L11:
  46:Src/term_io.c **** 		if (c >= 'a') c -= 0x20;
 172              		.loc 1 46 0
 173 0086 202B     		cmp	r3, #32
 174 0088 0ED9     		bls	.L28
  47:Src/term_io.c **** 		c -= '0';
 175              		.loc 1 47 0
 176 008a 602B     		cmp	r3, #96
 177 008c 01D9     		bls	.L12
  47:Src/term_io.c **** 		c -= '0';
 178              		.loc 1 47 0 is_stmt 0 discriminator 1
 179 008e 203B     		subs	r3, r3, #32
 180              	.LVL31:
 181 0090 DBB2     		uxtb	r3, r3
 182              	.LVL32:
 183              	.L12:
  48:Src/term_io.c **** 		if (c >= 17) {
 184              		.loc 1 48 0 is_stmt 1
 185 0092 A3F13002 		sub	r2, r3, #48
 186 0096 D2B2     		uxtb	r2, r2
 187              	.LVL33:
  49:Src/term_io.c **** 			c -= 7;
 188              		.loc 1 49 0
 189 0098 102A     		cmp	r2, #16
 190 009a ECD9     		bls	.L13
  50:Src/term_io.c **** 			if (c <= 9) return 0;
 191              		.loc 1 50 0
 192 009c 373B     		subs	r3, r3, #55
 193 009e DAB2     		uxtb	r2, r3
 194              	.LVL34:
  51:Src/term_io.c **** 		}
 195              		.loc 1 51 0
 196 00a0 092A     		cmp	r2, #9
 197 00a2 E8D8     		bhi	.L13
 198 00a4 0020     		movs	r0, #0
 199              	.LVL35:
 200 00a6 05E0     		b	.L1
 201              	.LVL36:
 202              	.L28:
  56:Src/term_io.c **** 	}
  57:Src/term_io.c **** 	if (s) val = -val;
 203              		.loc 1 57 0
 204 00a8 06B1     		cbz	r6, .L15
 205              		.loc 1 57 0 is_stmt 0 discriminator 1
 206 00aa 6442     		negs	r4, r4
 207              	.LVL37:
ARM GAS  /tmp/ccWWR1BY.s 			page 6


 208              	.L15:
  58:Src/term_io.c **** 	*res = val;
 209              		.loc 1 58 0 is_stmt 1
 210 00ac 0C60     		str	r4, [r1]
  59:Src/term_io.c **** 	return 1;
 211              		.loc 1 59 0
 212 00ae 0120     		movs	r0, #1
 213              	.LVL38:
 214 00b0 00E0     		b	.L1
 215              	.LVL39:
 216              	.L18:
  42:Src/term_io.c **** 		radix = 10;
 217              		.loc 1 42 0
 218 00b2 0020     		movs	r0, #0
 219              	.LVL40:
 220              	.L1:
  60:Src/term_io.c **** }
 221              		.loc 1 60 0
 222 00b4 70BC     		pop	{r4, r5, r6}
 223              	.LCFI1:
 224              		.cfi_remember_state
 225              		.cfi_restore 6
 226              		.cfi_restore 5
 227              		.cfi_restore 4
 228              		.cfi_def_cfa_offset 0
 229              	.LVL41:
 230 00b6 7047     		bx	lr
 231              	.LVL42:
 232              	.L20:
 233              	.LCFI2:
 234              		.cfi_restore_state
  53:Src/term_io.c **** 		val = val * radix + c;
 235              		.loc 1 53 0
 236 00b8 0020     		movs	r0, #0
 237              	.LVL43:
 238 00ba FBE7     		b	.L1
 239              		.cfi_endproc
 240              	.LFE136:
 242              		.section	.text.xputc,"ax",%progbits
 243              		.align	1
 244              		.global	xputc
 245              		.syntax unified
 246              		.thumb
 247              		.thumb_func
 248              		.fpu fpv5-sp-d16
 250              	xputc:
 251              	.LFB137:
  61:Src/term_io.c **** 
  62:Src/term_io.c **** 
  63:Src/term_io.c **** 
  64:Src/term_io.c **** 
  65:Src/term_io.c **** void xputc (char c)
  66:Src/term_io.c **** {
 252              		.loc 1 66 0
 253              		.cfi_startproc
 254              		@ args = 0, pretend = 0, frame = 0
 255              		@ frame_needed = 0, uses_anonymous_args = 0
ARM GAS  /tmp/ccWWR1BY.s 			page 7


 256              	.LVL44:
 257 0000 08B5     		push	{r3, lr}
 258              	.LCFI3:
 259              		.cfi_def_cfa_offset 8
 260              		.cfi_offset 3, -8
 261              		.cfi_offset 14, -4
  67:Src/term_io.c **** 	debug_chr(c);
 262              		.loc 1 67 0
 263 0002 FFF7FEFF 		bl	debug_chr
 264              	.LVL45:
  68:Src/term_io.c **** }
 265              		.loc 1 68 0
 266 0006 08BD     		pop	{r3, pc}
 267              		.cfi_endproc
 268              	.LFE137:
 270              		.section	.text.xputs,"ax",%progbits
 271              		.align	1
 272              		.global	xputs
 273              		.syntax unified
 274              		.thumb
 275              		.thumb_func
 276              		.fpu fpv5-sp-d16
 278              	xputs:
 279              	.LFB138:
  69:Src/term_io.c **** 
  70:Src/term_io.c **** 
  71:Src/term_io.c **** 
  72:Src/term_io.c **** 
  73:Src/term_io.c **** void xputs (const char* str)
  74:Src/term_io.c **** {
 280              		.loc 1 74 0
 281              		.cfi_startproc
 282              		@ args = 0, pretend = 0, frame = 0
 283              		@ frame_needed = 0, uses_anonymous_args = 0
 284              	.LVL46:
 285 0000 10B5     		push	{r4, lr}
 286              	.LCFI4:
 287              		.cfi_def_cfa_offset 8
 288              		.cfi_offset 4, -8
 289              		.cfi_offset 14, -4
 290 0002 0446     		mov	r4, r0
  75:Src/term_io.c **** 	while (*str)
 291              		.loc 1 75 0
 292 0004 02E0     		b	.L32
 293              	.LVL47:
 294              	.L33:
  76:Src/term_io.c **** 		xputc(*str++);
 295              		.loc 1 76 0
 296 0006 0134     		adds	r4, r4, #1
 297              	.LVL48:
 298 0008 FFF7FEFF 		bl	xputc
 299              	.LVL49:
 300              	.L32:
  75:Src/term_io.c **** 	while (*str)
 301              		.loc 1 75 0
 302 000c 2078     		ldrb	r0, [r4]	@ zero_extendqisi2
 303 000e 0028     		cmp	r0, #0
ARM GAS  /tmp/ccWWR1BY.s 			page 8


 304 0010 F9D1     		bne	.L33
  77:Src/term_io.c **** }
 305              		.loc 1 77 0
 306 0012 10BD     		pop	{r4, pc}
 307              		.cfi_endproc
 308              	.LFE138:
 310              		.section	.text.xitoa,"ax",%progbits
 311              		.align	1
 312              		.global	xitoa
 313              		.syntax unified
 314              		.thumb
 315              		.thumb_func
 316              		.fpu fpv5-sp-d16
 318              	xitoa:
 319              	.LFB139:
  78:Src/term_io.c **** 
  79:Src/term_io.c **** 
  80:Src/term_io.c **** 
  81:Src/term_io.c **** 
  82:Src/term_io.c **** void xitoa (long val, int radix, int len)
  83:Src/term_io.c **** {
 320              		.loc 1 83 0
 321              		.cfi_startproc
 322              		@ args = 0, pretend = 0, frame = 24
 323              		@ frame_needed = 0, uses_anonymous_args = 0
 324              	.LVL50:
 325 0000 F0B5     		push	{r4, r5, r6, r7, lr}
 326              	.LCFI5:
 327              		.cfi_def_cfa_offset 20
 328              		.cfi_offset 4, -20
 329              		.cfi_offset 5, -16
 330              		.cfi_offset 6, -12
 331              		.cfi_offset 7, -8
 332              		.cfi_offset 14, -4
 333 0002 87B0     		sub	sp, sp, #28
 334              	.LCFI6:
 335              		.cfi_def_cfa_offset 48
 336              	.LVL51:
  84:Src/term_io.c **** 	uint8_t c, r, sgn = 0, pad = ' ';
  85:Src/term_io.c **** 	uint8_t s[20], i = 0;
  86:Src/term_io.c **** 	uint32_t v;
  87:Src/term_io.c **** 
  88:Src/term_io.c **** 
  89:Src/term_io.c **** 	if (radix < 0) {
 337              		.loc 1 89 0
 338 0004 B1F1000E 		subs	lr, r1, #0
 339 0008 07DB     		blt	.L51
  84:Src/term_io.c **** 	uint8_t c, r, sgn = 0, pad = ' ';
 340              		.loc 1 84 0
 341 000a 0021     		movs	r1, #0
 342              	.LVL52:
 343              	.L36:
  90:Src/term_io.c **** 		radix = -radix;
  91:Src/term_io.c **** 		if (val < 0) {
  92:Src/term_io.c **** 			val = -val;
  93:Src/term_io.c **** 			sgn = '-';
  94:Src/term_io.c **** 		}
ARM GAS  /tmp/ccWWR1BY.s 			page 9


  95:Src/term_io.c **** 	}
  96:Src/term_io.c **** 	v = val;
  97:Src/term_io.c **** 	r = radix;
  98:Src/term_io.c **** 	if (len < 0) {
 344              		.loc 1 98 0
 345 000c 002A     		cmp	r2, #0
 346 000e 0DDB     		blt	.L52
  84:Src/term_io.c **** 	uint8_t c, r, sgn = 0, pad = ' ';
 347              		.loc 1 84 0
 348 0010 2027     		movs	r7, #32
 349              	.LVL53:
 350              	.L37:
  99:Src/term_io.c **** 		len = -len;
 100:Src/term_io.c **** 		pad = '0';
 101:Src/term_io.c **** 	}
 102:Src/term_io.c **** 	if (len > 20) return;
 351              		.loc 1 102 0
 352 0012 142A     		cmp	r2, #20
 353 0014 40DC     		bgt	.L35
  85:Src/term_io.c **** 	uint32_t v;
 354              		.loc 1 85 0
 355 0016 0026     		movs	r6, #0
 356 0018 17E0     		b	.L40
 357              	.LVL54:
 358              	.L51:
  90:Src/term_io.c **** 		radix = -radix;
 359              		.loc 1 90 0
 360 001a CEF1000E 		rsb	lr, lr, #0
 361              	.LVL55:
  91:Src/term_io.c **** 			val = -val;
 362              		.loc 1 91 0
 363 001e 0028     		cmp	r0, #0
 364 0020 01DB     		blt	.L53
  84:Src/term_io.c **** 	uint8_t s[20], i = 0;
 365              		.loc 1 84 0
 366 0022 0021     		movs	r1, #0
 367 0024 F2E7     		b	.L36
 368              	.L53:
  92:Src/term_io.c **** 			sgn = '-';
 369              		.loc 1 92 0
 370 0026 4042     		negs	r0, r0
 371              	.LVL56:
  93:Src/term_io.c **** 		}
 372              		.loc 1 93 0
 373 0028 2D21     		movs	r1, #45
 374 002a EFE7     		b	.L36
 375              	.LVL57:
 376              	.L52:
  99:Src/term_io.c **** 		pad = '0';
 377              		.loc 1 99 0
 378 002c 5242     		negs	r2, r2
 379              	.LVL58:
 100:Src/term_io.c **** 	}
 380              		.loc 1 100 0
 381 002e 3027     		movs	r7, #48
 382 0030 EFE7     		b	.L37
 383              	.LVL59:
ARM GAS  /tmp/ccWWR1BY.s 			page 10


 384              	.L39:
 103:Src/term_io.c **** 	do {
 104:Src/term_io.c **** 		c = (uint8_t)(v % r);
 105:Src/term_io.c **** 		if (c >= 10) c += 7;
 106:Src/term_io.c **** 		c += '0';
 385              		.loc 1 106 0
 386 0032 3033     		adds	r3, r3, #48
 387              	.LVL60:
 107:Src/term_io.c **** 		s[i++] = c;
 388              		.loc 1 107 0
 389 0034 741C     		adds	r4, r6, #1
 390 0036 E4B2     		uxtb	r4, r4
 391              	.LVL61:
 392 0038 0DF1180C 		add	ip, sp, #24
 393 003c B444     		add	ip, ip, r6
 394 003e 0CF8143C 		strb	r3, [ip, #-20]
 108:Src/term_io.c **** 		v /= r;
 395              		.loc 1 108 0
 396 0042 B0FBF5F0 		udiv	r0, r0, r5
 397              	.LVL62:
 109:Src/term_io.c **** 	} while (v);
 398              		.loc 1 109 0
 399 0046 60B1     		cbz	r0, .L54
 107:Src/term_io.c **** 		s[i++] = c;
 400              		.loc 1 107 0
 401 0048 2646     		mov	r6, r4
 402              	.LVL63:
 403              	.L40:
 104:Src/term_io.c **** 		if (c >= 10) c += 7;
 404              		.loc 1 104 0
 405 004a 5FFA8EF5 		uxtb	r5, lr
 406 004e B0FBF5F3 		udiv	r3, r0, r5
 407 0052 05FB1303 		mls	r3, r5, r3, r0
 408 0056 DBB2     		uxtb	r3, r3
 409              	.LVL64:
 105:Src/term_io.c **** 		c += '0';
 410              		.loc 1 105 0
 411 0058 092B     		cmp	r3, #9
 412 005a EAD9     		bls	.L39
 105:Src/term_io.c **** 		c += '0';
 413              		.loc 1 105 0 is_stmt 0 discriminator 1
 414 005c 0733     		adds	r3, r3, #7
 415              	.LVL65:
 416 005e DBB2     		uxtb	r3, r3
 417              	.LVL66:
 418 0060 E7E7     		b	.L39
 419              	.LVL67:
 420              	.L54:
 110:Src/term_io.c **** 	if (sgn) s[i++] = sgn;
 421              		.loc 1 110 0 is_stmt 1
 422 0062 61B1     		cbz	r1, .L42
 423              		.loc 1 110 0 is_stmt 0 discriminator 1
 424 0064 0236     		adds	r6, r6, #2
 425              	.LVL68:
 426 0066 06AB     		add	r3, sp, #24
 427              	.LVL69:
 428 0068 1C44     		add	r4, r4, r3
ARM GAS  /tmp/ccWWR1BY.s 			page 11


 429 006a 04F8141C 		strb	r1, [r4, #-20]
 430              	.LVL70:
 431 006e F4B2     		uxtb	r4, r6
 432 0070 05E0     		b	.L42
 433              	.LVL71:
 434              	.L43:
 111:Src/term_io.c **** 	while (i < len)
 112:Src/term_io.c **** 		s[i++] = pad;
 435              		.loc 1 112 0 is_stmt 1
 436 0072 0134     		adds	r4, r4, #1
 437              	.LVL72:
 438 0074 E4B2     		uxtb	r4, r4
 439              	.LVL73:
 440 0076 06A9     		add	r1, sp, #24
 441 0078 0B44     		add	r3, r3, r1
 442 007a 03F8147C 		strb	r7, [r3, #-20]
 443              	.LVL74:
 444              	.L42:
 111:Src/term_io.c **** 	while (i < len)
 445              		.loc 1 111 0
 446 007e 2346     		mov	r3, r4
 447 0080 9442     		cmp	r4, r2
 448 0082 F6DB     		blt	.L43
 449              	.LVL75:
 450              	.L44:
 113:Src/term_io.c **** 	do
 114:Src/term_io.c **** 		xputc(s[--i]);
 451              		.loc 1 114 0 discriminator 1
 452 0084 013C     		subs	r4, r4, #1
 453              	.LVL76:
 454 0086 E4B2     		uxtb	r4, r4
 455              	.LVL77:
 456 0088 06AB     		add	r3, sp, #24
 457 008a 2344     		add	r3, r3, r4
 458 008c 13F8140C 		ldrb	r0, [r3, #-20]	@ zero_extendqisi2
 459 0090 FFF7FEFF 		bl	xputc
 460              	.LVL78:
 115:Src/term_io.c **** 	while (i);
 461              		.loc 1 115 0 discriminator 1
 462 0094 002C     		cmp	r4, #0
 463 0096 F5D1     		bne	.L44
 464              	.LVL79:
 465              	.L35:
 116:Src/term_io.c **** }
 466              		.loc 1 116 0
 467 0098 07B0     		add	sp, sp, #28
 468              	.LCFI7:
 469              		.cfi_def_cfa_offset 20
 470              		@ sp needed
 471 009a F0BD     		pop	{r4, r5, r6, r7, pc}
 472              		.cfi_endproc
 473              	.LFE139:
 475              		.section	.text.xprintf,"ax",%progbits
 476              		.align	1
 477              		.global	xprintf
 478              		.syntax unified
 479              		.thumb
ARM GAS  /tmp/ccWWR1BY.s 			page 12


 480              		.thumb_func
 481              		.fpu fpv5-sp-d16
 483              	xprintf:
 484              	.LFB140:
 117:Src/term_io.c **** 
 118:Src/term_io.c **** void xprintf (const char* str, ...)
 119:Src/term_io.c **** {
 485              		.loc 1 119 0
 486              		.cfi_startproc
 487              		@ args = 4, pretend = 16, frame = 8
 488              		@ frame_needed = 0, uses_anonymous_args = 1
 489              	.LVL80:
 490 0000 0FB4     		push	{r0, r1, r2, r3}
 491              	.LCFI8:
 492              		.cfi_def_cfa_offset 16
 493              		.cfi_offset 0, -16
 494              		.cfi_offset 1, -12
 495              		.cfi_offset 2, -8
 496              		.cfi_offset 3, -4
 497 0002 30B5     		push	{r4, r5, lr}
 498              	.LCFI9:
 499              		.cfi_def_cfa_offset 28
 500              		.cfi_offset 4, -28
 501              		.cfi_offset 5, -24
 502              		.cfi_offset 14, -20
 503 0004 83B0     		sub	sp, sp, #12
 504              	.LCFI10:
 505              		.cfi_def_cfa_offset 40
 506 0006 06AB     		add	r3, sp, #24
 507 0008 53F8044B 		ldr	r4, [r3], #4
 120:Src/term_io.c **** 	va_list arp;
 121:Src/term_io.c **** 	int d, r, w, s, l;
 122:Src/term_io.c **** 
 123:Src/term_io.c **** 
 124:Src/term_io.c **** 	va_start(arp, str);
 508              		.loc 1 124 0
 509 000c 0193     		str	r3, [sp, #4]
 125:Src/term_io.c **** 
 126:Src/term_io.c **** 	while ((d = *str++) != 0) {
 510              		.loc 1 126 0
 511 000e 02E0     		b	.L56
 512              	.LVL81:
 513              	.L81:
 127:Src/term_io.c **** 		if (d != '%') {
 128:Src/term_io.c **** 			xputc(d); continue;
 514              		.loc 1 128 0
 515 0010 FFF7FEFF 		bl	xputc
 516              	.LVL82:
 126:Src/term_io.c **** 		if (d != '%') {
 517              		.loc 1 126 0
 518 0014 2C46     		mov	r4, r5
 519              	.LVL83:
 520              	.L56:
 521 0016 651C     		adds	r5, r4, #1
 522              	.LVL84:
 523 0018 2078     		ldrb	r0, [r4]	@ zero_extendqisi2
 524              	.LVL85:
ARM GAS  /tmp/ccWWR1BY.s 			page 13


 525 001a 0028     		cmp	r0, #0
 526 001c 62D0     		beq	.L55
 127:Src/term_io.c **** 		if (d != '%') {
 527              		.loc 1 127 0
 528 001e 2528     		cmp	r0, #37
 529 0020 F6D1     		bne	.L81
 129:Src/term_io.c **** 		}
 130:Src/term_io.c **** 		d = *str++; w = r = s = l = 0;
 530              		.loc 1 130 0
 531 0022 0234     		adds	r4, r4, #2
 532              	.LVL86:
 533 0024 2B78     		ldrb	r3, [r5]	@ zero_extendqisi2
 534              	.LVL87:
 131:Src/term_io.c **** 		if (d == '0') {
 535              		.loc 1 131 0
 536 0026 302B     		cmp	r3, #48
 537 0028 02D0     		beq	.L82
 130:Src/term_io.c **** 		if (d == '0') {
 538              		.loc 1 130 0
 539 002a 0025     		movs	r5, #0
 540              	.LVL88:
 541              	.L59:
 542 002c 0022     		movs	r2, #0
 543 002e 0BE0     		b	.L60
 544              	.LVL89:
 545              	.L82:
 132:Src/term_io.c **** 			d = *str++; s = 1;
 546              		.loc 1 132 0
 547 0030 AC1C     		adds	r4, r5, #2
 548              	.LVL90:
 549 0032 6B78     		ldrb	r3, [r5, #1]	@ zero_extendqisi2
 550              	.LVL91:
 551 0034 0125     		movs	r5, #1
 552 0036 F9E7     		b	.L59
 553              	.LVL92:
 554              	.L61:
 133:Src/term_io.c **** 		}
 134:Src/term_io.c **** 		while ((d >= '0')&&(d <= '9')) {
 135:Src/term_io.c **** 			w += w * 10 + (d - '0');
 555              		.loc 1 135 0
 556 0038 02EB8200 		add	r0, r2, r2, lsl #2
 557 003c 4100     		lsls	r1, r0, #1
 558 003e 303B     		subs	r3, r3, #48
 559              	.LVL93:
 560 0040 0B44     		add	r3, r3, r1
 561              	.LVL94:
 562 0042 1A44     		add	r2, r2, r3
 563              	.LVL95:
 136:Src/term_io.c **** 			d = *str++;
 564              		.loc 1 136 0
 565 0044 2378     		ldrb	r3, [r4]	@ zero_extendqisi2
 566              	.LVL96:
 567 0046 0134     		adds	r4, r4, #1
 568              	.LVL97:
 569              	.L60:
 134:Src/term_io.c **** 			w += w * 10 + (d - '0');
 570              		.loc 1 134 0
ARM GAS  /tmp/ccWWR1BY.s 			page 14


 571 0048 A3F13001 		sub	r1, r3, #48
 572 004c 0929     		cmp	r1, #9
 573 004e F3D9     		bls	.L61
 137:Src/term_io.c **** 		}
 138:Src/term_io.c **** 		if (s) w = -w;
 574              		.loc 1 138 0
 575 0050 05B1     		cbz	r5, .L62
 576              		.loc 1 138 0 is_stmt 0 discriminator 1
 577 0052 5242     		negs	r2, r2
 578              	.LVL98:
 579              	.L62:
 139:Src/term_io.c **** 		if (d == 'l') {
 580              		.loc 1 139 0 is_stmt 1
 581 0054 6C2B     		cmp	r3, #108
 582 0056 1ED0     		beq	.L83
 130:Src/term_io.c **** 		if (d == '0') {
 583              		.loc 1 130 0
 584 0058 0020     		movs	r0, #0
 585              	.LVL99:
 586              	.L63:
 140:Src/term_io.c **** 			l = 1;
 141:Src/term_io.c **** 			d = *str++;
 142:Src/term_io.c **** 		}
 143:Src/term_io.c **** 		if (!d) break;
 587              		.loc 1 143 0
 588 005a 002B     		cmp	r3, #0
 589 005c 42D0     		beq	.L55
 144:Src/term_io.c **** 		if (d == 's') {
 590              		.loc 1 144 0
 591 005e 732B     		cmp	r3, #115
 592 0060 1DD0     		beq	.L84
 145:Src/term_io.c **** 			xputs(va_arg(arp, char*));
 146:Src/term_io.c **** 			continue;
 147:Src/term_io.c **** 		}
 148:Src/term_io.c **** 		if (d == 'c') {
 593              		.loc 1 148 0
 594 0062 632B     		cmp	r3, #99
 595 0064 22D0     		beq	.L85
 149:Src/term_io.c **** 			xputc((char)va_arg(arp, int));
 150:Src/term_io.c **** 			continue;
 151:Src/term_io.c **** 		}
 152:Src/term_io.c **** 		if (d == 'u') r = 10;
 596              		.loc 1 152 0
 597 0066 752B     		cmp	r3, #117
 598 0068 27D0     		beq	.L76
 130:Src/term_io.c **** 		if (d == '0') {
 599              		.loc 1 130 0
 600 006a 0021     		movs	r1, #0
 601              	.L67:
 602              	.LVL100:
 153:Src/term_io.c **** 		if (d == 'd') r = -10;
 603              		.loc 1 153 0
 604 006c 642B     		cmp	r3, #100
 605 006e 26D0     		beq	.L86
 606              	.LVL101:
 607              	.L68:
 154:Src/term_io.c **** 		if (d == 'X' || d == 'x') r = 16; // 'x' added by mthomas in increase compatibility
ARM GAS  /tmp/ccWWR1BY.s 			page 15


 608              		.loc 1 154 0
 609 0070 782B     		cmp	r3, #120
 610 0072 18BF     		it	ne
 611 0074 582B     		cmpne	r3, #88
 612 0076 00D1     		bne	.L69
 613 0078 1021     		movs	r1, #16
 614              	.LVL102:
 615              	.L69:
 155:Src/term_io.c **** 		if (d == 'b') r = 2;
 616              		.loc 1 155 0
 617 007a 622B     		cmp	r3, #98
 618 007c 22D0     		beq	.L79
 156:Src/term_io.c **** 		if (!r) break;
 619              		.loc 1 156 0
 620 007e 0029     		cmp	r1, #0
 621 0080 30D0     		beq	.L55
 622              	.LVL103:
 623              	.L70:
 157:Src/term_io.c **** 		if (l) {
 624              		.loc 1 157 0
 625 0082 08BB     		cbnz	r0, .L87
 158:Src/term_io.c **** 			xitoa((long)va_arg(arp, long), r, w);
 159:Src/term_io.c **** 		} else {
 160:Src/term_io.c **** 			if (r > 0)
 626              		.loc 1 160 0
 627 0084 0029     		cmp	r1, #0
 628 0086 26DD     		ble	.L72
 161:Src/term_io.c **** 				xitoa((unsigned long)va_arg(arp, int), r, w);
 629              		.loc 1 161 0
 630 0088 019B     		ldr	r3, [sp, #4]
 631              	.LVL104:
 632 008a 181D     		adds	r0, r3, #4
 633              	.LVL105:
 634 008c 0190     		str	r0, [sp, #4]
 635 008e 1868     		ldr	r0, [r3]
 636 0090 FFF7FEFF 		bl	xitoa
 637              	.LVL106:
 638 0094 BFE7     		b	.L56
 639              	.LVL107:
 640              	.L83:
 141:Src/term_io.c **** 		}
 641              		.loc 1 141 0
 642 0096 2378     		ldrb	r3, [r4]	@ zero_extendqisi2
 643              	.LVL108:
 644 0098 0134     		adds	r4, r4, #1
 645              	.LVL109:
 140:Src/term_io.c **** 			d = *str++;
 646              		.loc 1 140 0
 647 009a 0120     		movs	r0, #1
 648 009c DDE7     		b	.L63
 649              	.LVL110:
 650              	.L84:
 145:Src/term_io.c **** 			continue;
 651              		.loc 1 145 0
 652 009e 019B     		ldr	r3, [sp, #4]
 653              	.LVL111:
 654 00a0 1A1D     		adds	r2, r3, #4
ARM GAS  /tmp/ccWWR1BY.s 			page 16


 655              	.LVL112:
 656 00a2 0192     		str	r2, [sp, #4]
 657 00a4 1868     		ldr	r0, [r3]
 658              	.LVL113:
 659 00a6 FFF7FEFF 		bl	xputs
 660              	.LVL114:
 146:Src/term_io.c **** 		}
 661              		.loc 1 146 0
 662 00aa B4E7     		b	.L56
 663              	.LVL115:
 664              	.L85:
 149:Src/term_io.c **** 			continue;
 665              		.loc 1 149 0
 666 00ac 019B     		ldr	r3, [sp, #4]
 667              	.LVL116:
 668 00ae 1A1D     		adds	r2, r3, #4
 669              	.LVL117:
 670 00b0 0192     		str	r2, [sp, #4]
 671 00b2 1878     		ldrb	r0, [r3]	@ zero_extendqisi2
 672              	.LVL118:
 673 00b4 FFF7FEFF 		bl	xputc
 674              	.LVL119:
 150:Src/term_io.c **** 		}
 675              		.loc 1 150 0
 676 00b8 ADE7     		b	.L56
 677              	.LVL120:
 678              	.L76:
 152:Src/term_io.c **** 		if (d == 'd') r = -10;
 679              		.loc 1 152 0
 680 00ba 0A21     		movs	r1, #10
 681 00bc D6E7     		b	.L67
 682              	.LVL121:
 683              	.L86:
 153:Src/term_io.c **** 		if (d == 'X' || d == 'x') r = 16; // 'x' added by mthomas in increase compatibility
 684              		.loc 1 153 0
 685 00be 6FF00901 		mvn	r1, #9
 686              	.LVL122:
 687 00c2 D5E7     		b	.L68
 688              	.LVL123:
 689              	.L79:
 155:Src/term_io.c **** 		if (!r) break;
 690              		.loc 1 155 0
 691 00c4 0221     		movs	r1, #2
 692              	.LVL124:
 693 00c6 DCE7     		b	.L70
 694              	.L87:
 158:Src/term_io.c **** 		} else {
 695              		.loc 1 158 0
 696 00c8 019B     		ldr	r3, [sp, #4]
 697              	.LVL125:
 698 00ca 181D     		adds	r0, r3, #4
 699              	.LVL126:
 700 00cc 0190     		str	r0, [sp, #4]
 701 00ce 1868     		ldr	r0, [r3]
 702 00d0 FFF7FEFF 		bl	xitoa
 703              	.LVL127:
 704 00d4 9FE7     		b	.L56
ARM GAS  /tmp/ccWWR1BY.s 			page 17


 705              	.LVL128:
 706              	.L72:
 162:Src/term_io.c **** 			else
 163:Src/term_io.c **** 				xitoa((long)va_arg(arp, int), r, w);
 707              		.loc 1 163 0
 708 00d6 019B     		ldr	r3, [sp, #4]
 709              	.LVL129:
 710 00d8 181D     		adds	r0, r3, #4
 711              	.LVL130:
 712 00da 0190     		str	r0, [sp, #4]
 713 00dc 1868     		ldr	r0, [r3]
 714 00de FFF7FEFF 		bl	xitoa
 715              	.LVL131:
 716 00e2 98E7     		b	.L56
 717              	.LVL132:
 718              	.L55:
 164:Src/term_io.c **** 		}
 165:Src/term_io.c **** 	}
 166:Src/term_io.c **** 
 167:Src/term_io.c **** 	va_end(arp);
 168:Src/term_io.c **** }
 719              		.loc 1 168 0
 720 00e4 03B0     		add	sp, sp, #12
 721              	.LCFI11:
 722              		.cfi_def_cfa_offset 28
 723              		@ sp needed
 724 00e6 BDE83040 		pop	{r4, r5, lr}
 725              	.LCFI12:
 726              		.cfi_restore 14
 727              		.cfi_restore 5
 728              		.cfi_restore 4
 729              		.cfi_def_cfa_offset 16
 730 00ea 04B0     		add	sp, sp, #16
 731              	.LCFI13:
 732              		.cfi_restore 3
 733              		.cfi_restore 2
 734              		.cfi_restore 1
 735              		.cfi_restore 0
 736              		.cfi_def_cfa_offset 0
 737 00ec 7047     		bx	lr
 738              		.cfi_endproc
 739              	.LFE140:
 741              		.section	.text.put_dump,"ax",%progbits
 742              		.align	1
 743              		.global	put_dump
 744              		.syntax unified
 745              		.thumb
 746              		.thumb_func
 747              		.fpu fpv5-sp-d16
 749              	put_dump:
 750              	.LFB141:
 169:Src/term_io.c **** 
 170:Src/term_io.c **** 
 171:Src/term_io.c **** 
 172:Src/term_io.c **** 
 173:Src/term_io.c **** void put_dump (const uint8_t *buff, uint32_t ofs, int cnt)
 174:Src/term_io.c **** {
ARM GAS  /tmp/ccWWR1BY.s 			page 18


 751              		.loc 1 174 0
 752              		.cfi_startproc
 753              		@ args = 0, pretend = 0, frame = 0
 754              		@ frame_needed = 0, uses_anonymous_args = 0
 755              	.LVL133:
 756 0000 70B5     		push	{r4, r5, r6, lr}
 757              	.LCFI14:
 758              		.cfi_def_cfa_offset 16
 759              		.cfi_offset 4, -16
 760              		.cfi_offset 5, -12
 761              		.cfi_offset 6, -8
 762              		.cfi_offset 14, -4
 763 0002 0646     		mov	r6, r0
 764 0004 1546     		mov	r5, r2
 175:Src/term_io.c **** 	uint8_t n;
 176:Src/term_io.c **** 
 177:Src/term_io.c **** 
 178:Src/term_io.c **** 	xprintf("%08lX ", ofs);
 765              		.loc 1 178 0
 766 0006 1348     		ldr	r0, .L97
 767              	.LVL134:
 768 0008 FFF7FEFF 		bl	xprintf
 769              	.LVL135:
 179:Src/term_io.c **** 	for(n = 0; n < cnt; n++)
 770              		.loc 1 179 0
 771 000c 0024     		movs	r4, #0
 772 000e 05E0     		b	.L89
 773              	.LVL136:
 774              	.L90:
 180:Src/term_io.c **** 		xprintf(" %02X", buff[n]);
 775              		.loc 1 180 0 discriminator 3
 776 0010 315D     		ldrb	r1, [r6, r4]	@ zero_extendqisi2
 777 0012 1148     		ldr	r0, .L97+4
 778 0014 FFF7FEFF 		bl	xprintf
 779              	.LVL137:
 179:Src/term_io.c **** 	for(n = 0; n < cnt; n++)
 780              		.loc 1 179 0 discriminator 3
 781 0018 0134     		adds	r4, r4, #1
 782              	.LVL138:
 783 001a E4B2     		uxtb	r4, r4
 784              	.LVL139:
 785              	.L89:
 179:Src/term_io.c **** 	for(n = 0; n < cnt; n++)
 786              		.loc 1 179 0 is_stmt 0 discriminator 1
 787 001c AC42     		cmp	r4, r5
 788 001e F7DB     		blt	.L90
 181:Src/term_io.c **** 	xputc(' ');
 789              		.loc 1 181 0 is_stmt 1
 790 0020 2020     		movs	r0, #32
 791 0022 FFF7FEFF 		bl	xputc
 792              	.LVL140:
 182:Src/term_io.c **** 	for(n = 0; n < cnt; n++) {
 793              		.loc 1 182 0
 794 0026 0024     		movs	r4, #0
 795 0028 03E0     		b	.L91
 796              	.LVL141:
 797              	.L92:
ARM GAS  /tmp/ccWWR1BY.s 			page 19


 183:Src/term_io.c **** 		if ((buff[n] < 0x20)||(buff[n] >= 0x7F))
 184:Src/term_io.c **** 			xputc('.');
 185:Src/term_io.c **** 		else
 186:Src/term_io.c **** 			xputc(buff[n]);
 798              		.loc 1 186 0
 799 002a FFF7FEFF 		bl	xputc
 800              	.LVL142:
 801              	.L93:
 182:Src/term_io.c **** 	for(n = 0; n < cnt; n++) {
 802              		.loc 1 182 0 discriminator 2
 803 002e 0134     		adds	r4, r4, #1
 804              	.LVL143:
 805 0030 E4B2     		uxtb	r4, r4
 806              	.LVL144:
 807              	.L91:
 182:Src/term_io.c **** 	for(n = 0; n < cnt; n++) {
 808              		.loc 1 182 0 is_stmt 0 discriminator 1
 809 0032 AC42     		cmp	r4, r5
 810 0034 09DA     		bge	.L96
 183:Src/term_io.c **** 		if ((buff[n] < 0x20)||(buff[n] >= 0x7F))
 811              		.loc 1 183 0 is_stmt 1
 812 0036 305D     		ldrb	r0, [r6, r4]	@ zero_extendqisi2
 813 0038 A0F12003 		sub	r3, r0, #32
 814 003c DBB2     		uxtb	r3, r3
 815 003e 5E2B     		cmp	r3, #94
 816 0040 F3D9     		bls	.L92
 184:Src/term_io.c **** 		else
 817              		.loc 1 184 0
 818 0042 2E20     		movs	r0, #46
 819 0044 FFF7FEFF 		bl	xputc
 820              	.LVL145:
 821 0048 F1E7     		b	.L93
 822              	.L96:
 187:Src/term_io.c **** 	}
 188:Src/term_io.c **** 	xputc('\n');
 823              		.loc 1 188 0
 824 004a 0A20     		movs	r0, #10
 825 004c FFF7FEFF 		bl	xputc
 826              	.LVL146:
 189:Src/term_io.c **** }
 827              		.loc 1 189 0
 828 0050 70BD     		pop	{r4, r5, r6, pc}
 829              	.LVL147:
 830              	.L98:
 831 0052 00BF     		.align	2
 832              	.L97:
 833 0054 00000000 		.word	.LC0
 834 0058 08000000 		.word	.LC1
 835              		.cfi_endproc
 836              	.LFE141:
 838              		.section	.text.get_line,"ax",%progbits
 839              		.align	1
 840              		.global	get_line
 841              		.syntax unified
 842              		.thumb
 843              		.thumb_func
 844              		.fpu fpv5-sp-d16
ARM GAS  /tmp/ccWWR1BY.s 			page 20


 846              	get_line:
 847              	.LFB142:
 190:Src/term_io.c **** 
 191:Src/term_io.c **** 
 192:Src/term_io.c **** 
 193:Src/term_io.c **** 
 194:Src/term_io.c **** void get_line (char *buff, int len)
 195:Src/term_io.c **** {
 848              		.loc 1 195 0
 849              		.cfi_startproc
 850              		@ args = 0, pretend = 0, frame = 0
 851              		@ frame_needed = 0, uses_anonymous_args = 0
 852              	.LVL148:
 853 0000 2DE9F041 		push	{r4, r5, r6, r7, r8, lr}
 854              	.LCFI15:
 855              		.cfi_def_cfa_offset 24
 856              		.cfi_offset 4, -24
 857              		.cfi_offset 5, -20
 858              		.cfi_offset 6, -16
 859              		.cfi_offset 7, -12
 860              		.cfi_offset 8, -8
 861              		.cfi_offset 14, -4
 862 0004 0746     		mov	r7, r0
 863 0006 0E46     		mov	r6, r1
 864              	.LVL149:
 196:Src/term_io.c **** 	char c;
 197:Src/term_io.c **** 	int idx = 0;
 865              		.loc 1 197 0
 866 0008 0025     		movs	r5, #0
 867              	.LVL150:
 868              	.L100:
 198:Src/term_io.c **** 
 199:Src/term_io.c **** 	for (;;) {
 200:Src/term_io.c **** 		c = xgetc();
 869              		.loc 1 200 0
 870 000a FFF7FEFF 		bl	debug_waitkey
 871              	.LVL151:
 872 000e 0446     		mov	r4, r0
 873              	.LVL152:
 201:Src/term_io.c **** 		if (c == '\r') break;
 874              		.loc 1 201 0
 875 0010 0D28     		cmp	r0, #13
 876 0012 1ED0     		beq	.L101
 202:Src/term_io.c **** 		if ((c == '\b') && idx) {
 877              		.loc 1 202 0
 878 0014 0828     		cmp	r0, #8
 879 0016 14BF     		ite	ne
 880 0018 0023     		movne	r3, #0
 881 001a 0123     		moveq	r3, #1
 882 001c 002D     		cmp	r5, #0
 883 001e 08BF     		it	eq
 884 0020 0023     		moveq	r3, #0
 885 0022 63B9     		cbnz	r3, .L105
 886              	.LVL153:
 887              	.L102:
 203:Src/term_io.c **** 			idx--; xputc(c);
 204:Src/term_io.c **** 			xputc(' '); xputc(c); // added by mthomas for Eclipse Terminal plug-in
ARM GAS  /tmp/ccWWR1BY.s 			page 21


 205:Src/term_io.c **** 		}
 206:Src/term_io.c **** 		if (((uint8_t)c >= ' ') && (idx < len - 1)) {
 888              		.loc 1 206 0
 889 0024 1F2C     		cmp	r4, #31
 890 0026 F0D9     		bls	.L100
 891              		.loc 1 206 0 is_stmt 0 discriminator 1
 892 0028 731E     		subs	r3, r6, #1
 893 002a AB42     		cmp	r3, r5
 894 002c EDDD     		ble	.L100
 207:Src/term_io.c **** 				buff[idx++] = c; xputc(c);
 895              		.loc 1 207 0 is_stmt 1
 896 002e 05F10108 		add	r8, r5, #1
 897              	.LVL154:
 898 0032 7C55     		strb	r4, [r7, r5]
 899 0034 2046     		mov	r0, r4
 900 0036 FFF7FEFF 		bl	xputc
 901              	.LVL155:
 902 003a 4546     		mov	r5, r8
 903 003c E5E7     		b	.L100
 904              	.LVL156:
 905              	.L105:
 203:Src/term_io.c **** 			idx--; xputc(c);
 906              		.loc 1 203 0
 907 003e 013D     		subs	r5, r5, #1
 908              	.LVL157:
 909 0040 FFF7FEFF 		bl	xputc
 910              	.LVL158:
 204:Src/term_io.c **** 		}
 911              		.loc 1 204 0
 912 0044 2020     		movs	r0, #32
 913 0046 FFF7FEFF 		bl	xputc
 914              	.LVL159:
 915 004a 2046     		mov	r0, r4
 916 004c FFF7FEFF 		bl	xputc
 917              	.LVL160:
 918 0050 E8E7     		b	.L102
 919              	.LVL161:
 920              	.L101:
 208:Src/term_io.c **** 		}
 209:Src/term_io.c **** 	}
 210:Src/term_io.c **** 	buff[idx] = 0;
 921              		.loc 1 210 0
 922 0052 0023     		movs	r3, #0
 923 0054 7B55     		strb	r3, [r7, r5]
 211:Src/term_io.c **** 	xputc('\n');
 924              		.loc 1 211 0
 925 0056 0A20     		movs	r0, #10
 926              	.LVL162:
 927 0058 FFF7FEFF 		bl	xputc
 928              	.LVL163:
 212:Src/term_io.c **** }
 929              		.loc 1 212 0
 930 005c BDE8F081 		pop	{r4, r5, r6, r7, r8, pc}
 931              		.cfi_endproc
 932              	.LFE142:
 934              		.section	.text.get_line_r,"ax",%progbits
 935              		.align	1
ARM GAS  /tmp/ccWWR1BY.s 			page 22


 936              		.global	get_line_r
 937              		.syntax unified
 938              		.thumb
 939              		.thumb_func
 940              		.fpu fpv5-sp-d16
 942              	get_line_r:
 943              	.LFB143:
 213:Src/term_io.c **** 
 214:Src/term_io.c **** 
 215:Src/term_io.c **** // function added by mthomas:
 216:Src/term_io.c **** int get_line_r (char *buff, int len, int* idx)
 217:Src/term_io.c **** {
 944              		.loc 1 217 0
 945              		.cfi_startproc
 946              		@ args = 0, pretend = 0, frame = 0
 947              		@ frame_needed = 0, uses_anonymous_args = 0
 948              	.LVL164:
 949 0000 2DE9F041 		push	{r4, r5, r6, r7, r8, lr}
 950              	.LCFI16:
 951              		.cfi_def_cfa_offset 24
 952              		.cfi_offset 4, -24
 953              		.cfi_offset 5, -20
 954              		.cfi_offset 6, -16
 955              		.cfi_offset 7, -12
 956              		.cfi_offset 8, -8
 957              		.cfi_offset 14, -4
 958 0004 8046     		mov	r8, r0
 959 0006 0F46     		mov	r7, r1
 960 0008 1446     		mov	r4, r2
 961              	.LVL165:
 218:Src/term_io.c **** 	char c;
 219:Src/term_io.c **** 	int retval = 0;
 220:Src/term_io.c **** 	int myidx;
 221:Src/term_io.c **** 
 222:Src/term_io.c **** 	if ( xavail() ) {
 962              		.loc 1 222 0
 963 000a FFF7FEFF 		bl	debug_test
 964              	.LVL166:
 965 000e 0346     		mov	r3, r0
 966 0010 10B9     		cbnz	r0, .L114
 967              	.LVL167:
 968              	.L106:
 223:Src/term_io.c **** 		myidx = *idx;
 224:Src/term_io.c **** 		c = xgetc();
 225:Src/term_io.c **** 		if (c == '\r') {
 226:Src/term_io.c **** 			buff[myidx] = 0;
 227:Src/term_io.c **** 			xputc('\n');
 228:Src/term_io.c **** 			retval = 1;
 229:Src/term_io.c **** 		} else {
 230:Src/term_io.c **** 			if ((c == '\b') && myidx) {
 231:Src/term_io.c **** 				myidx--; xputc(c);
 232:Src/term_io.c **** 				xputc(' '); xputc(c); // added by mthomas for Eclipse Terminal plug-in
 233:Src/term_io.c **** 			}
 234:Src/term_io.c **** 			if (((uint8_t)c >= ' ') && (myidx < len - 1)) {
 235:Src/term_io.c **** 					buff[myidx++] = c; xputc(c);
 236:Src/term_io.c **** 			}
 237:Src/term_io.c **** 		}
ARM GAS  /tmp/ccWWR1BY.s 			page 23


 238:Src/term_io.c **** 		*idx = myidx;
 239:Src/term_io.c **** 	}
 240:Src/term_io.c **** 
 241:Src/term_io.c **** 	return retval;
 242:Src/term_io.c **** }
 969              		.loc 1 242 0
 970 0012 1846     		mov	r0, r3
 971 0014 BDE8F081 		pop	{r4, r5, r6, r7, r8, pc}
 972              	.LVL168:
 973              	.L114:
 223:Src/term_io.c **** 		myidx = *idx;
 974              		.loc 1 223 0
 975 0018 2668     		ldr	r6, [r4]
 976              	.LVL169:
 224:Src/term_io.c **** 		if (c == '\r') {
 977              		.loc 1 224 0
 978 001a FFF7FEFF 		bl	debug_waitkey
 979              	.LVL170:
 980 001e 0546     		mov	r5, r0
 981              	.LVL171:
 225:Src/term_io.c **** 			buff[myidx] = 0;
 982              		.loc 1 225 0
 983 0020 0D28     		cmp	r0, #13
 984 0022 0ED0     		beq	.L115
 230:Src/term_io.c **** 				myidx--; xputc(c);
 985              		.loc 1 230 0
 986 0024 0828     		cmp	r0, #8
 987 0026 14BF     		ite	ne
 988 0028 0023     		movne	r3, #0
 989 002a 0123     		moveq	r3, #1
 990 002c 002E     		cmp	r6, #0
 991 002e 08BF     		it	eq
 992 0030 0023     		moveq	r3, #0
 993 0032 73B9     		cbnz	r3, .L116
 994              	.LVL172:
 995              	.L110:
 234:Src/term_io.c **** 					buff[myidx++] = c; xputc(c);
 996              		.loc 1 234 0
 997 0034 1F2D     		cmp	r5, #31
 998 0036 1FD9     		bls	.L111
 234:Src/term_io.c **** 					buff[myidx++] = c; xputc(c);
 999              		.loc 1 234 0 is_stmt 0 discriminator 1
 1000 0038 013F     		subs	r7, r7, #1
 1001              	.LVL173:
 1002 003a B742     		cmp	r7, r6
 1003 003c 13DC     		bgt	.L117
 219:Src/term_io.c **** 	int myidx;
 1004              		.loc 1 219 0 is_stmt 1
 1005 003e 0023     		movs	r3, #0
 1006 0040 1BE0     		b	.L109
 1007              	.LVL174:
 1008              	.L115:
 226:Src/term_io.c **** 			xputc('\n');
 1009              		.loc 1 226 0
 1010 0042 0023     		movs	r3, #0
 1011 0044 08F80630 		strb	r3, [r8, r6]
 227:Src/term_io.c **** 			retval = 1;
ARM GAS  /tmp/ccWWR1BY.s 			page 24


 1012              		.loc 1 227 0
 1013 0048 0A20     		movs	r0, #10
 1014              	.LVL175:
 1015 004a FFF7FEFF 		bl	xputc
 1016              	.LVL176:
 228:Src/term_io.c **** 		} else {
 1017              		.loc 1 228 0
 1018 004e 0123     		movs	r3, #1
 1019 0050 13E0     		b	.L109
 1020              	.LVL177:
 1021              	.L116:
 231:Src/term_io.c **** 				xputc(' '); xputc(c); // added by mthomas for Eclipse Terminal plug-in
 1022              		.loc 1 231 0
 1023 0052 013E     		subs	r6, r6, #1
 1024              	.LVL178:
 1025 0054 FFF7FEFF 		bl	xputc
 1026              	.LVL179:
 232:Src/term_io.c **** 			}
 1027              		.loc 1 232 0
 1028 0058 2020     		movs	r0, #32
 1029 005a FFF7FEFF 		bl	xputc
 1030              	.LVL180:
 1031 005e 2846     		mov	r0, r5
 1032 0060 FFF7FEFF 		bl	xputc
 1033              	.LVL181:
 1034 0064 E6E7     		b	.L110
 1035              	.LVL182:
 1036              	.L117:
 235:Src/term_io.c **** 			}
 1037              		.loc 1 235 0
 1038 0066 771C     		adds	r7, r6, #1
 1039              	.LVL183:
 1040 0068 08F80650 		strb	r5, [r8, r6]
 1041 006c 2846     		mov	r0, r5
 1042 006e FFF7FEFF 		bl	xputc
 1043              	.LVL184:
 1044 0072 3E46     		mov	r6, r7
 219:Src/term_io.c **** 	int myidx;
 1045              		.loc 1 219 0
 1046 0074 0023     		movs	r3, #0
 1047 0076 00E0     		b	.L109
 1048              	.LVL185:
 1049              	.L111:
 1050 0078 0023     		movs	r3, #0
 1051              	.LVL186:
 1052              	.L109:
 238:Src/term_io.c **** 	}
 1053              		.loc 1 238 0
 1054 007a 2660     		str	r6, [r4]
 241:Src/term_io.c **** }
 1055              		.loc 1 241 0
 1056 007c C9E7     		b	.L106
 1057              		.cfi_endproc
 1058              	.LFE143:
 1060              		.section	.rodata.put_dump.str1.4,"aMS",%progbits,1
 1061              		.align	2
 1062              	.LC0:
ARM GAS  /tmp/ccWWR1BY.s 			page 25


 1063 0000 2530386C 		.ascii	"%08lX \000"
 1063      582000
 1064 0007 00       		.space	1
 1065              	.LC1:
 1066 0008 20253032 		.ascii	" %02X\000"
 1066      5800
 1067              		.text
 1068              	.Letext0:
 1069              		.file 2 "/usr/lib/gcc/arm-none-eabi/7.1.0/include/stdarg.h"
 1070              		.file 3 "/usr/arm-none-eabi/include/machine/_default_types.h"
 1071              		.file 4 "/usr/arm-none-eabi/include/sys/_stdint.h"
 1072              		.file 5 "Drivers/CMSIS/Include/core_cm7.h"
 1073              		.file 6 "Drivers/CMSIS/Device/ST/STM32F7xx/Include/system_stm32f7xx.h"
 1074              		.file 7 "/usr/arm-none-eabi/include/sys/lock.h"
 1075              		.file 8 "/usr/arm-none-eabi/include/sys/_types.h"
 1076              		.file 9 "/usr/lib/gcc/arm-none-eabi/7.1.0/include/stddef.h"
 1077              		.file 10 "/usr/arm-none-eabi/include/sys/reent.h"
 1078              		.file 11 "<built-in>"
 1079              		.file 12 "Inc/dbgu.h"
ARM GAS  /tmp/ccWWR1BY.s 			page 26


DEFINED SYMBOLS
                            *ABS*:0000000000000000 term_io.c
     /tmp/ccWWR1BY.s:18     .text.xatoi:0000000000000000 $t
     /tmp/ccWWR1BY.s:25     .text.xatoi:0000000000000000 xatoi
     /tmp/ccWWR1BY.s:243    .text.xputc:0000000000000000 $t
     /tmp/ccWWR1BY.s:250    .text.xputc:0000000000000000 xputc
     /tmp/ccWWR1BY.s:271    .text.xputs:0000000000000000 $t
     /tmp/ccWWR1BY.s:278    .text.xputs:0000000000000000 xputs
     /tmp/ccWWR1BY.s:311    .text.xitoa:0000000000000000 $t
     /tmp/ccWWR1BY.s:318    .text.xitoa:0000000000000000 xitoa
     /tmp/ccWWR1BY.s:476    .text.xprintf:0000000000000000 $t
     /tmp/ccWWR1BY.s:483    .text.xprintf:0000000000000000 xprintf
     /tmp/ccWWR1BY.s:742    .text.put_dump:0000000000000000 $t
     /tmp/ccWWR1BY.s:749    .text.put_dump:0000000000000000 put_dump
     /tmp/ccWWR1BY.s:833    .text.put_dump:0000000000000054 $d
     /tmp/ccWWR1BY.s:839    .text.get_line:0000000000000000 $t
     /tmp/ccWWR1BY.s:846    .text.get_line:0000000000000000 get_line
     /tmp/ccWWR1BY.s:935    .text.get_line_r:0000000000000000 $t
     /tmp/ccWWR1BY.s:942    .text.get_line_r:0000000000000000 get_line_r
     /tmp/ccWWR1BY.s:1061   .rodata.put_dump.str1.4:0000000000000000 $d

UNDEFINED SYMBOLS
debug_chr
debug_waitkey
debug_test
